<?xml version="1.0" encoding="UTF-8"?>
<!-- Generated by org.testng.reporters.JUnitReportReporter -->
<testsuite skipped="0" hostname="hepcbe147" name="com.tests.HashMapSelenium" tests="1" failures="0" timestamp="02 Jul 2019 08:46:51 GMT" time="0.378" errors="0">
  <testcase name="Login" time="0.378" classname="com.tests.HashMapSelenium"/>
</testsuite> <!-- com.tests.HashMapSelenium -->
